*** Reading local file: /home/hadera/airflow/logs/titanic_pivot/last_task/2021-10-13T21:39:39.950744+00:00/1.log
[2021-10-14, 00:39:49 UTC] {taskinstance.py:1035} INFO - Dependencies all met for <TaskInstance: titanic_pivot.last_task manual__2021-10-13T21:39:39.950744+00:00 [queued]>
[2021-10-14, 00:39:49 UTC] {taskinstance.py:1035} INFO - Dependencies all met for <TaskInstance: titanic_pivot.last_task manual__2021-10-13T21:39:39.950744+00:00 [queued]>
[2021-10-14, 00:39:49 UTC] {taskinstance.py:1241} INFO - 
--------------------------------------------------------------------------------
[2021-10-14, 00:39:49 UTC] {taskinstance.py:1242} INFO - Starting attempt 1 of 2
[2021-10-14, 00:39:49 UTC] {taskinstance.py:1243} INFO - 
--------------------------------------------------------------------------------
[2021-10-14, 00:39:49 UTC] {taskinstance.py:1262} INFO - Executing <Task(BashOperator): last_task> on 2021-10-13 21:39:39.950744+00:00
[2021-10-14, 00:39:49 UTC] {standard_task_runner.py:52} INFO - Started process 5535 to run task
[2021-10-14, 00:39:49 UTC] {standard_task_runner.py:76} INFO - Running: ['***flow', 'tasks', 'run', 'titanic_pivot', 'last_task', 'manual__2021-10-13T21:39:39.950744+00:00', '--job-id', '22', '--raw', '--subdir', 'DAGS_FOLDER/main.py', '--cfg-path', '/tmp/tmp9ylu5pl1', '--error-file', '/tmp/tmpmc_2k9n4']
[2021-10-14, 00:39:49 UTC] {standard_task_runner.py:77} INFO - Job 22: Subtask last_task
[2021-10-14, 00:39:49 UTC] {logging_mixin.py:109} INFO - Running <TaskInstance: titanic_pivot.last_task manual__2021-10-13T21:39:39.950744+00:00 [running]> on host HOME-PC.localdomain
[2021-10-14, 00:39:49 UTC] {logging_mixin.py:109} WARNING - /home/hadera/.***/lib/python3.9/site-packages/***flow/models/taskinstance.py:1917 DeprecationWarning: Accessing 'execution_date' from the template is deprecated and will be removed in a future version. Please use 'data_interval_start' instead.
[2021-10-14, 00:39:49 UTC] {taskinstance.py:1412} INFO - Exporting the following env vars:
AIRFLOW_CTX_DAG_OWNER=***flow
AIRFLOW_CTX_DAG_ID=titanic_pivot
AIRFLOW_CTX_TASK_ID=last_task
AIRFLOW_CTX_EXECUTION_DATE=2021-10-13T21:39:39.950744+00:00
AIRFLOW_CTX_DAG_RUN_ID=manual__2021-10-13T21:39:39.950744+00:00
[2021-10-14, 00:39:49 UTC] {subprocess.py:62} INFO - Tmp dir root location: 
 /tmp
[2021-10-14, 00:39:49 UTC] {subprocess.py:74} INFO - Running command: ['bash', '-c', 'echo "Pipeline finished! Execution date is 2021-10-13"']
[2021-10-14, 00:39:49 UTC] {subprocess.py:85} INFO - Output:
[2021-10-14, 00:39:49 UTC] {subprocess.py:89} INFO - Pipeline finished! Execution date is 2021-10-13
[2021-10-14, 00:39:49 UTC] {subprocess.py:93} INFO - Command exited with return code 0
[2021-10-14, 00:39:49 UTC] {taskinstance.py:1270} INFO - Marking task as SUCCESS. dag_id=titanic_pivot, task_id=last_task, execution_date=20211013T213939, start_date=20211013T213949, end_date=20211013T213949
[2021-10-14, 00:39:49 UTC] {local_task_job.py:154} INFO - Task exited with return code 0
[2021-10-14, 00:39:49 UTC] {local_task_job.py:264} INFO - 0 downstream tasks scheduled from follow-on schedule check